<?xml version="1.0" encoding="UTF-8"?>
<!-- Generated by org.testng.reporters.JUnitReportReporter -->
<testsuite name="org.pthaks.Maven2.AppTest" tests="1" time="0.008" ignored="0" failures="0" timestamp="06 Jan 2017 08:55:13 GMT" skipped="0" hostname="ININTDT115556" errors="0">
  <testcase name="pfunc" time="0.008" classname="org.pthaks.Maven2.AppTest"/>
</testsuite> <!-- org.pthaks.Maven2.AppTest -->
